{
  "stats": {
    "suites": 4,
    "tests": 29,
    "passes": 29,
    "pending": 0,
    "failures": 0,
    "start": "2026-05-06T12:03:12.829Z",
    "end": "2026-05-06T12:04:11.907Z",
    "duration": 59078,
    "testsRegistered": 29,
    "passPercent": 100,
    "pendingPercent": 0,
    "other": 0,
    "hasOther": false,
    "skipped": 0,
    "hasSkipped": false
  },
  "results": [
    {
      "uuid": "34c12285-f382-42d8-8094-c88f4d224491",
      "title": "",
      "fullFile": "",
      "file": "",
      "beforeHooks": [],
      "afterHooks": [],
      "tests": [],
      "suites": [
        {
          "uuid": "e82ab51d-ff46-4713-b1c9-43601152ea3b",
          "title": "User Registration",
          "fullFile": "C:\\Users\\MonAMI\\Desktop\\zedu-api-auto\\API_Automation_Testing\\test\\auth.test.js",
          "file": "\\test\\auth.test.js",
          "beforeHooks": [],
          "afterHooks": [],
          "tests": [
            {
              "title": "[POS] should register a new user successfully",
              "fullTitle": "User Registration [POS] should register a new user successfully",
              "timedOut": false,
              "duration": 1345,
              "state": "passed",
              "speed": "slow",
              "pass": true,
              "fail": false,
              "pending": false,
              "context": null,
              "code": "const payload = generateUser();\nconst res = await api()\n  .post(\"/auth/register\")\n  .send(payload)\n  .expect(201);\n// Schema validation\nvalidateSchema(res.body, schemas.authSuccess);\n// Field presence\nexpect(res.body.data).to.have.property(\"access_token\");\nexpect(res.body.data).to.have.property(\"user\");\n// Data types\nexpect(res.body.data.access_token).to.be.a(\"string\");\nexpect(res.body.data.user).to.be.an(\"object\");\nexpect(res.body.data.user.id).to.be.a(\"string\");\n// Field values\nexpect(res.body.data.user.username).to.equal(payload.username);\nexpect(res.body.data.user.email).to.equal(payload.email);",
              "err": {},
              "uuid": "38ea3f31-82d4-4207-accc-196a41647bdd",
              "parentUUID": "e82ab51d-ff46-4713-b1c9-43601152ea3b",
              "isHook": false,
              "skipped": false
            },
            {
              "title": "[NEG] should fail to register with missing email",
              "fullTitle": "User Registration [NEG] should fail to register with missing email",
              "timedOut": false,
              "duration": 655,
              "state": "passed",
              "speed": "slow",
              "pass": true,
              "fail": false,
              "pending": false,
              "context": null,
              "code": "const payload = generateUser();\ndelete payload.email;\nconst res = await api()\n  .post(\"/auth/register\")\n  .send(payload)\n  .expect(422);\nvalidateSchema(res.body, schemas.errorResponse);\nexpect(res.body.status).to.equal(\"error\");\nexpect(res.body.message).to.equal(\"Validation failed\");\nexpect(res.body.error).to.have.property(\"CreateUserRequestModel.email\");",
              "err": {},
              "uuid": "7d524824-2fd5-4eaa-8655-cc9445d0b82e",
              "parentUUID": "e82ab51d-ff46-4713-b1c9-43601152ea3b",
              "isHook": false,
              "skipped": false
            },
            {
              "title": "[NEG] should fail to register with invalid email format",
              "fullTitle": "User Registration [NEG] should fail to register with invalid email format",
              "timedOut": false,
              "duration": 591,
              "state": "passed",
              "speed": "slow",
              "pass": true,
              "fail": false,
              "pending": false,
              "context": null,
              "code": "const payload = generateUser();\npayload.email = process.env.INVALID_EMAIL;\nconst res = await api()\n  .post(\"/auth/register\")\n  .send(payload)\n  .expect(400);\nvalidateSchema(res.body, schemas.errorResponse);\nexpect(res.body.status).to.equal(\"error\");\nexpect(res.body.message).to.equal(\"email address is invalid\");",
              "err": {},
              "uuid": "0c9f21ed-5f81-4b3f-91db-5db41bc5740a",
              "parentUUID": "e82ab51d-ff46-4713-b1c9-43601152ea3b",
              "isHook": false,
              "skipped": false
            },
            {
              "title": "[NEG] should fail to register with missing password",
              "fullTitle": "User Registration [NEG] should fail to register with missing password",
              "timedOut": false,
              "duration": 601,
              "state": "passed",
              "speed": "slow",
              "pass": true,
              "fail": false,
              "pending": false,
              "context": null,
              "code": "const payload = generateUser();\ndelete payload.password;\nconst res = await api()\n  .post(\"/auth/register\")\n  .send(payload)\n  .expect(422);\nvalidateSchema(res.body, schemas.errorResponse);\nexpect(res.body.status).to.equal(\"error\");\nexpect(res.body.message).to.equal(\"Validation failed\");\nexpect(res.body.error).to.have.property(\"CreateUserRequestModel.password\");",
              "err": {},
              "uuid": "3be32117-8489-4758-8c48-4b8f17655675",
              "parentUUID": "e82ab51d-ff46-4713-b1c9-43601152ea3b",
              "isHook": false,
              "skipped": false
            },
            {
              "title": "[NEG] should fail to register with a duplicate phone number",
              "fullTitle": "User Registration [NEG] should fail to register with a duplicate phone number",
              "timedOut": false,
              "duration": 1463,
              "state": "passed",
              "speed": "slow",
              "pass": true,
              "fail": false,
              "pending": false,
              "context": null,
              "code": "const newUser = generateUser();\nawait api().post(\"/auth/register\").send(newUser);\nconst res = await api()\n  .post(\"/auth/register\")\n  .send(newUser)\n  .expect(400);\nvalidateSchema(res.body, schemas.errorResponse);\nexpect(res.body.status).to.equal(\"error\");\nexpect(res.body.status_code).to.equal(400);\nexpect(res.body.message).to.equal(\"user already exists with the given phone\");",
              "err": {},
              "uuid": "b59d0c5d-3b4c-4810-b68f-85fe87af0e54",
              "parentUUID": "e82ab51d-ff46-4713-b1c9-43601152ea3b",
              "isHook": false,
              "skipped": false
            },
            {
              "title": "[NEG] should fail to register with an empty request body",
              "fullTitle": "User Registration [NEG] should fail to register with an empty request body",
              "timedOut": false,
              "duration": 611,
              "state": "passed",
              "speed": "slow",
              "pass": true,
              "fail": false,
              "pending": false,
              "context": null,
              "code": "const res = await api()\n  .post(\"/auth/register\")\n  .send({})\n  .expect(422);\nvalidateSchema(res.body, schemas.errorResponse);\nexpect(res.body.status).to.equal(\"error\");\nexpect(res.body.message).to.equal(\"Validation failed\");\nexpect(res.body.error).to.have.property(\"CreateUserRequestModel.email\");\nexpect(res.body.error).to.have.property(\"CreateUserRequestModel.password\");",
              "err": {},
              "uuid": "b20efccb-6ff9-48b3-a56a-4ed8f9846a5f",
              "parentUUID": "e82ab51d-ff46-4713-b1c9-43601152ea3b",
              "isHook": false,
              "skipped": false
            },
            {
              "title": "[NEG] should fail to register with a numeric value for email",
              "fullTitle": "User Registration [NEG] should fail to register with a numeric value for email",
              "timedOut": false,
              "duration": 6002,
              "state": "passed",
              "speed": "slow",
              "pass": true,
              "fail": false,
              "pending": false,
              "context": null,
              "code": "const payload = generateUser();\npayload.email = process.env.NUMERIC_EMAIL;\nconst res = await api()\n  .post(\"/auth/register\")\n  .send(payload)\n  .expect(400);\nvalidateSchema(res.body, schemas.errorResponse);\nexpect(res.body.status).to.equal(\"error\");",
              "err": {},
              "uuid": "e24628aa-e027-4b69-ba75-419352445c30",
              "parentUUID": "e82ab51d-ff46-4713-b1c9-43601152ea3b",
              "isHook": false,
              "skipped": false
            },
            {
              "title": "[EDGE] should fail to register with whitespace-only fields",
              "fullTitle": "User Registration [EDGE] should fail to register with whitespace-only fields",
              "timedOut": false,
              "duration": 664,
              "state": "passed",
              "speed": "slow",
              "pass": true,
              "fail": false,
              "pending": false,
              "context": null,
              "code": "const res = await api()\n  .post(\"/auth/register\")\n  .send({\n    username: \"   \",\n    email: \"   \",\n    password: \"   \",\n    first_name: \"   \",\n    last_name: \"   \",\n    phone_number: \"   \"\n  })\n  .expect(400);\nvalidateSchema(res.body, schemas.errorResponse);\nexpect(res.body.status).to.equal(\"error\");\nexpect(res.body.message).to.equal(\"email address is invalid\");",
              "err": {},
              "uuid": "7efdcd6b-9886-40f8-a9a3-ba4c29f97a27",
              "parentUUID": "e82ab51d-ff46-4713-b1c9-43601152ea3b",
              "isHook": false,
              "skipped": false
            },
            {
              "title": "[EDGE] should fail to register with an extremely long email string",
              "fullTitle": "User Registration [EDGE] should fail to register with an extremely long email string",
              "timedOut": false,
              "duration": 6330,
              "state": "passed",
              "speed": "slow",
              "pass": true,
              "fail": false,
              "pending": false,
              "context": null,
              "code": "const payload = generateUser();\npayload.email = \"a\".repeat(300) + process.env.EMAIL_DOMAIN;\nconst res = await api()\n  .post(\"/auth/register\")\n  .send(payload);\nexpect(res.status).to.be.oneOf([400, 422]);\nvalidateSchema(res.body, schemas.errorResponse);\nexpect(res.body.status).to.equal(\"error\");",
              "err": {},
              "uuid": "df4933c1-ff10-45c1-8dd0-bedef1599028",
              "parentUUID": "e82ab51d-ff46-4713-b1c9-43601152ea3b",
              "isHook": false,
              "skipped": false
            }
          ],
          "suites": [],
          "passes": [
            "38ea3f31-82d4-4207-accc-196a41647bdd",
            "7d524824-2fd5-4eaa-8655-cc9445d0b82e",
            "0c9f21ed-5f81-4b3f-91db-5db41bc5740a",
            "3be32117-8489-4758-8c48-4b8f17655675",
            "b59d0c5d-3b4c-4810-b68f-85fe87af0e54",
            "b20efccb-6ff9-48b3-a56a-4ed8f9846a5f",
            "e24628aa-e027-4b69-ba75-419352445c30",
            "7efdcd6b-9886-40f8-a9a3-ba4c29f97a27",
            "df4933c1-ff10-45c1-8dd0-bedef1599028"
          ],
          "failures": [],
          "pending": [],
          "skipped": [],
          "duration": 18262,
          "root": false,
          "rootEmpty": false,
          "_timeout": 10000
        },
        {
          "uuid": "b25f2013-1f5b-46ce-8b46-e14968a9cbc0",
          "title": "User Login",
          "fullFile": "C:\\Users\\MonAMI\\Desktop\\zedu-api-auto\\API_Automation_Testing\\test\\auth.test.js",
          "file": "\\test\\auth.test.js",
          "beforeHooks": [],
          "afterHooks": [],
          "tests": [
            {
              "title": "[POS] should login with valid credentials",
              "fullTitle": "User Login [POS] should login with valid credentials",
              "timedOut": false,
              "duration": 1746,
              "state": "passed",
              "speed": "slow",
              "pass": true,
              "fail": false,
              "pending": false,
              "context": null,
              "code": "const payload = generateUser();\n// Register the user first\nawait api()\n  .post(\"/auth/register\")\n  .send(payload);\n // Now login with the same credentials\nconst userEmail = payload.email;\nconst userPassword = payload.password;\nconst res = await api()\n  .post(\"/auth/login\")\n  .send({\n    email: userEmail,\n    password: userPassword\n  })\n.expect(200);\n// Schema validation\nvalidateSchema(res.body, schemas.authSuccess);\n// Field presence\nexpect(res.body.data).to.have.property(\"access_token\");\nexpect(res.body.data).to.have.property(\"user\");\n// Data types\nexpect(res.body.data.access_token).to.be.a(\"string\");\nexpect(res.body.data.user).to.be.an(\"object\");\nexpect(res.body.data.user.email).to.be.a(\"string\");\n// // Field values\nexpect(res.body.status).to.equal(\"success\");\nexpect(res.body.data.user.email).to.equal(userEmail);",
              "err": {},
              "uuid": "0b8de681-9b32-4fa6-8105-e2e94840a175",
              "parentUUID": "b25f2013-1f5b-46ce-8b46-e14968a9cbc0",
              "isHook": false,
              "skipped": false
            },
            {
              "title": "[NEG] should fail to login with an unregistered email",
              "fullTitle": "User Login [NEG] should fail to login with an unregistered email",
              "timedOut": false,
              "duration": 699,
              "state": "passed",
              "speed": "slow",
              "pass": true,
              "fail": false,
              "pending": false,
              "context": null,
              "code": "const payload = generateUser();\nconst userPassword = payload.password;\nconst res = await api()\n  .post(\"/auth/login\")\n  .send({\n    email: process.env.WRONG_EMAIL,\n    password: userPassword\n  })\n  .expect(400);\nvalidateSchema(res.body, schemas.errorResponse);\nexpect(res.body.status).to.equal(\"error\");\nexpect(res.body.message).to.include(\"invalid\");",
              "err": {},
              "uuid": "82b3328d-1d24-4b32-bbb1-9246514e1ade",
              "parentUUID": "b25f2013-1f5b-46ce-8b46-e14968a9cbc0",
              "isHook": false,
              "skipped": false
            },
            {
              "title": "[NEG] should fail to login with incorrect password",
              "fullTitle": "User Login [NEG] should fail to login with incorrect password",
              "timedOut": false,
              "duration": 611,
              "state": "passed",
              "speed": "slow",
              "pass": true,
              "fail": false,
              "pending": false,
              "context": null,
              "code": "const payload = generateUser();\nconst userEmail = payload.email;\nconst res = await api()\n  .post(\"/auth/login\")\n  .send({\n    email: userEmail,\n    password: process.env.WRONG_PASSWORD\n  })\n  .expect(400);\nvalidateSchema(res.body, schemas.errorResponse);\nexpect(res.body.status).to.equal(\"error\");\nexpect(res.body.message).to.include(\"invalid\");",
              "err": {},
              "uuid": "b68c2a55-f022-4b6b-87ff-26f38136a1f5",
              "parentUUID": "b25f2013-1f5b-46ce-8b46-e14968a9cbc0",
              "isHook": false,
              "skipped": false
            },
            {
              "title": "[NEG] should fail to login with empty email",
              "fullTitle": "User Login [NEG] should fail to login with empty email",
              "timedOut": false,
              "duration": 623,
              "state": "passed",
              "speed": "slow",
              "pass": true,
              "fail": false,
              "pending": false,
              "context": null,
              "code": "const payload = generateUser();\nconst userPassword = payload.password;\nconst res = await api()\n  .post(\"/auth/login\")\n  .send({ email: \"\", password: userPassword })\n  .expect(400);\nvalidateSchema(res.body, schemas.errorResponse);\nexpect(res.body.status).to.equal(\"error\");\nexpect(res.body.message).to.include(\"Validation failed\");\nexpect(res.body.error).to.have.property(\"LoginRequestModel.email\");",
              "err": {},
              "uuid": "5b4ffadb-e6a4-41af-be52-3f8f261b8408",
              "parentUUID": "b25f2013-1f5b-46ce-8b46-e14968a9cbc0",
              "isHook": false,
              "skipped": false
            },
            {
              "title": "[NEG] should fail to login with empty password",
              "fullTitle": "User Login [NEG] should fail to login with empty password",
              "timedOut": false,
              "duration": 558,
              "state": "passed",
              "speed": "slow",
              "pass": true,
              "fail": false,
              "pending": false,
              "context": null,
              "code": "const payload = generateUser();\nconst userEmail = payload.email;\nconst res = await api()\n  .post(\"/auth/login\")\n  .send({ email: userEmail, password: \"\" })\n  .expect(400);\nvalidateSchema(res.body, schemas.errorResponse);\nexpect(res.body.status).to.equal(\"error\");\nexpect(res.body.message).to.include(\"Validation failed\");\nexpect(res.body.error).to.have.property(\"LoginRequestModel.password\");",
              "err": {},
              "uuid": "60c844a2-384c-44ab-8315-7912276a072e",
              "parentUUID": "b25f2013-1f5b-46ce-8b46-e14968a9cbc0",
              "isHook": false,
              "skipped": false
            },
            {
              "title": "[NEG] should fail to login with both fields empty",
              "fullTitle": "User Login [NEG] should fail to login with both fields empty",
              "timedOut": false,
              "duration": 552,
              "state": "passed",
              "speed": "slow",
              "pass": true,
              "fail": false,
              "pending": false,
              "context": null,
              "code": "const res = await api()\n  .post(\"/auth/login\")\n  .send({ email: \"\", password: \"\" })\n  .expect(400);\nvalidateSchema(res.body, schemas.errorResponse);\nexpect(res.body.status).to.equal(\"error\");\nexpect(res.body.message).to.include(\"Validation failed\");\nexpect(res.body.error).to.have.property(\"LoginRequestModel.email\");\nexpect(res.body.error).to.have.property(\"LoginRequestModel.password\");",
              "err": {},
              "uuid": "d4470f79-166f-46b5-9d51-4b2f6039f443",
              "parentUUID": "b25f2013-1f5b-46ce-8b46-e14968a9cbc0",
              "isHook": false,
              "skipped": false
            },
            {
              "title": "[NEG] should fail to login with invalid email format",
              "fullTitle": "User Login [NEG] should fail to login with invalid email format",
              "timedOut": false,
              "duration": 506,
              "state": "passed",
              "speed": "slow",
              "pass": true,
              "fail": false,
              "pending": false,
              "context": null,
              "code": "const payload = generateUser();\nconst userPassword = payload.password;\nconst res = await api()\n  .post(\"/auth/login\")\n  .send({\n    email: process.env.INVALID_EMAIL,\n    password: userPassword\n  })\n  .expect(400);\nvalidateSchema(res.body, schemas.errorResponse);\nexpect(res.body.status).to.equal(\"error\");\nexpect(res.body.message).to.include(\"invalid credentials\");",
              "err": {},
              "uuid": "761eeaf7-313c-4e71-abfb-e7ec501f0e49",
              "parentUUID": "b25f2013-1f5b-46ce-8b46-e14968a9cbc0",
              "isHook": false,
              "skipped": false
            },
            {
              "title": "[EDGE] should fail to login with uppercase version of valid email",
              "fullTitle": "User Login [EDGE] should fail to login with uppercase version of valid email",
              "timedOut": false,
              "duration": 7524,
              "state": "passed",
              "speed": "slow",
              "pass": true,
              "fail": false,
              "pending": false,
              "context": null,
              "code": "const payload = generateUser();\nconst userEmail = payload.email;\nconst userPassword = payload.password;\nconst caseEmail = userEmail.toUpperCase();\nconst res = await api()\n  .post(\"/auth/login\")\n  .send({ email: caseEmail, password: userPassword })\n  .expect(400);\nvalidateSchema(res.body, schemas.errorResponse);\nexpect(res.body.status).to.equal(\"error\");\nexpect(res.body.message).to.include(\"invalid credentials\");",
              "err": {},
              "uuid": "7ea47e8d-0ca8-43bf-a3cb-046b49d06f19",
              "parentUUID": "b25f2013-1f5b-46ce-8b46-e14968a9cbc0",
              "isHook": false,
              "skipped": false
            },
            {
              "title": "[EDGE] should fail to login with SQL injection string in email",
              "fullTitle": "User Login [EDGE] should fail to login with SQL injection string in email",
              "timedOut": false,
              "duration": 518,
              "state": "passed",
              "speed": "slow",
              "pass": true,
              "fail": false,
              "pending": false,
              "context": null,
              "code": "const payload = generateUser();\nconst userEmail = payload.email;\nconst userPassword = payload.password;\nconst res = await api()\n  .post(\"/auth/login\")\n  .send({\n    email: process.env.EMAIL_INJECTION,\n    password: userPassword\n  })\n  .expect(400);\nvalidateSchema(res.body, schemas.errorResponse);\nexpect(res.body.status).to.equal(\"error\");",
              "err": {},
              "uuid": "6acd2914-f951-4831-9f7a-6407310a56d9",
              "parentUUID": "b25f2013-1f5b-46ce-8b46-e14968a9cbc0",
              "isHook": false,
              "skipped": false
            }
          ],
          "suites": [],
          "passes": [
            "0b8de681-9b32-4fa6-8105-e2e94840a175",
            "82b3328d-1d24-4b32-bbb1-9246514e1ade",
            "b68c2a55-f022-4b6b-87ff-26f38136a1f5",
            "5b4ffadb-e6a4-41af-be52-3f8f261b8408",
            "60c844a2-384c-44ab-8315-7912276a072e",
            "d4470f79-166f-46b5-9d51-4b2f6039f443",
            "761eeaf7-313c-4e71-abfb-e7ec501f0e49",
            "7ea47e8d-0ca8-43bf-a3cb-046b49d06f19",
            "6acd2914-f951-4831-9f7a-6407310a56d9"
          ],
          "failures": [],
          "pending": [],
          "skipped": [],
          "duration": 13337,
          "root": false,
          "rootEmpty": false,
          "_timeout": 10000
        },
        {
          "uuid": "99bcda13-d49b-49ed-b24e-6671bff365f4",
          "title": "User Profile - Get All Users",
          "fullFile": "C:\\Users\\MonAMI\\Desktop\\zedu-api-auto\\API_Automation_Testing\\test\\users.test.js",
          "file": "\\test\\users.test.js",
          "beforeHooks": [],
          "afterHooks": [],
          "tests": [
            {
              "title": "[POS] should retrieve all users with a valid access token",
              "fullTitle": "User Profile - Get All Users [POS] should retrieve all users with a valid access token",
              "timedOut": false,
              "duration": 1589,
              "state": "passed",
              "speed": "slow",
              "pass": true,
              "fail": false,
              "pending": false,
              "context": null,
              "code": "const user = generateUser();\nconst {token} = await registerAndGetToken(user);\nconst res = await api()\n  .get(\"/users\")\n  .set(\"Authorization\", `Bearer ${token}`)\n  .expect(200);\n// Schema validation\nvalidateSchema(res.body, schemas.usersListSuccess);\n// Field presence & data types\nexpect(res.body.status).to.equal(\"success\");\nexpect(res.body.data).to.be.an(\"array\");\nexpect(res.body.status).to.be.a(\"string\");",
              "err": {},
              "uuid": "fa18137e-fbe4-4aca-8a09-185ccdc998a7",
              "parentUUID": "99bcda13-d49b-49ed-b24e-6671bff365f4",
              "isHook": false,
              "skipped": false
            },
            {
              "title": "[NEG] should not retrieve all users with an invalid access token",
              "fullTitle": "User Profile - Get All Users [NEG] should not retrieve all users with an invalid access token",
              "timedOut": false,
              "duration": 503,
              "state": "passed",
              "speed": "slow",
              "pass": true,
              "fail": false,
              "pending": false,
              "context": null,
              "code": "const invalidToken = process.env.INVALID_TOKEN;\nconst res = await api()\n  .get(\"/users\")\n  .set(\"Authorization\", `Bearer ${invalidToken}`)\n  .expect(401);\nvalidateSchema(res.body, schemas.errorResponse);\nexpect(res.body.status).to.equal(\"error\");\nexpect(res.body.message).to.equal(\"Token is invalid!\");",
              "err": {},
              "uuid": "b786d5ab-e4ef-4cab-9c11-c5235f463c6f",
              "parentUUID": "99bcda13-d49b-49ed-b24e-6671bff365f4",
              "isHook": false,
              "skipped": false
            },
            {
              "title": "[NEG] should not retrieve all users without any access token",
              "fullTitle": "User Profile - Get All Users [NEG] should not retrieve all users without any access token",
              "timedOut": false,
              "duration": 627,
              "state": "passed",
              "speed": "slow",
              "pass": true,
              "fail": false,
              "pending": false,
              "context": null,
              "code": "const res = await api()\n  .get(\"/users\")\n  .expect(401);\nvalidateSchema(res.body, schemas.errorResponse);\nexpect(res.body.status).to.equal(\"error\");\nexpect(res.body.error).to.equal(\"Unauthorized\");\nexpect(res.body.message).to.equal(\"Token could not be found!\");",
              "err": {},
              "uuid": "68f354f7-b6e5-4b0f-b392-db16221a287b",
              "parentUUID": "99bcda13-d49b-49ed-b24e-6671bff365f4",
              "isHook": false,
              "skipped": false
            },
            {
              "title": "[NEG] should not retrieve all users with a malformed Bearer header",
              "fullTitle": "User Profile - Get All Users [NEG] should not retrieve all users with a malformed Bearer header",
              "timedOut": false,
              "duration": 1521,
              "state": "passed",
              "speed": "slow",
              "pass": true,
              "fail": false,
              "pending": false,
              "context": null,
              "code": "const user = generateUser();\nconst {token} = await registerAndGetToken(user);\nconst res = await api()\n  .get(\"/users\")\n  .set(\"Authorization\", token)\n  .expect(401);\n\nvalidateSchema(res.body, schemas.errorResponse);\nexpect(res.body.status).to.equal(\"error\");",
              "err": {},
              "uuid": "e98c8819-69be-4bd2-a771-950e2b90a56b",
              "parentUUID": "99bcda13-d49b-49ed-b24e-6671bff365f4",
              "isHook": false,
              "skipped": false
            },
            {
              "title": "[EDGE] should not retrieve all users with an empty Bearer token",
              "fullTitle": "User Profile - Get All Users [EDGE] should not retrieve all users with an empty Bearer token",
              "timedOut": false,
              "duration": 610,
              "state": "passed",
              "speed": "slow",
              "pass": true,
              "fail": false,
              "pending": false,
              "context": null,
              "code": "const res = await api()\n  .get(\"/users\")\n  .set(\"Authorization\", \"Bearer \")\n  .expect(401);\nvalidateSchema(res.body, schemas.errorResponse);\nexpect(res.body.status).to.equal(\"error\");",
              "err": {},
              "uuid": "0ed7454e-2b79-4ad4-aedb-5f50882af3c2",
              "parentUUID": "99bcda13-d49b-49ed-b24e-6671bff365f4",
              "isHook": false,
              "skipped": false
            }
          ],
          "suites": [],
          "passes": [
            "fa18137e-fbe4-4aca-8a09-185ccdc998a7",
            "b786d5ab-e4ef-4cab-9c11-c5235f463c6f",
            "68f354f7-b6e5-4b0f-b392-db16221a287b",
            "e98c8819-69be-4bd2-a771-950e2b90a56b",
            "0ed7454e-2b79-4ad4-aedb-5f50882af3c2"
          ],
          "failures": [],
          "pending": [],
          "skipped": [],
          "duration": 4850,
          "root": false,
          "rootEmpty": false,
          "_timeout": 10000
        },
        {
          "uuid": "d5431df4-d715-4308-a1c6-8cbeb0fd8fc8",
          "title": "User Profile - Get User By ID",
          "fullFile": "C:\\Users\\MonAMI\\Desktop\\zedu-api-auto\\API_Automation_Testing\\test\\users.test.js",
          "file": "\\test\\users.test.js",
          "beforeHooks": [],
          "afterHooks": [],
          "tests": [
            {
              "title": "[POS] should retrieve a user with a valid token and valid userId",
              "fullTitle": "User Profile - Get User By ID [POS] should retrieve a user with a valid token and valid userId",
              "timedOut": false,
              "duration": 1745,
              "state": "passed",
              "speed": "slow",
              "pass": true,
              "fail": false,
              "pending": false,
              "context": null,
              "code": "const newUser = generateUser();\n    const email = newUser.email;\n    const { token, userId } = await registerAndGetToken(newUser);\n    const res = await api()\n      .get(`/users/${userId}`)\n      .set(\"Authorization\", `Bearer ${token}`)\n      .expect(200);\n    // Schema validation\n    validateSchema(res.body.data, schemas.userObject);\n    // Field presence & data types\n    expect(res.body.status).to.equal(\"success\");\n    expect(res.body.data).to.be.an(\"object\");\n    expect(res.body.data.id).to.be.a(\"string\");\n    expect(res.body.data.email).to.be.a(\"string\");\n    // Field values\n    expect(res.body.data.id).to.equal(userId);\n    expect(res.body.data.email).to.equal(email);",
              "err": {},
              "uuid": "6068d820-7653-4659-b71c-17e7e05000b6",
              "parentUUID": "d5431df4-d715-4308-a1c6-8cbeb0fd8fc8",
              "isHook": false,
              "skipped": false
            },
            {
              "title": "[NEG] should fail to retrieve user without an access token",
              "fullTitle": "User Profile - Get User By ID [NEG] should fail to retrieve user without an access token",
              "timedOut": false,
              "duration": 1500,
              "state": "passed",
              "speed": "slow",
              "pass": true,
              "fail": false,
              "pending": false,
              "context": null,
              "code": "const user = generateUser();\nconst userId = await registerAndGetToken(user);\nconst res = await api()\n  .get(`/users/${userId}`)\n  .expect(401);\nvalidateSchema(res.body, schemas.errorResponse);\nexpect(res.body.status).to.equal(\"error\");\nexpect(res.body.error).to.include(\"Unauthorized\");\nexpect(res.body.message).to.include(\"Token could not be found!\");",
              "err": {},
              "uuid": "2b9b0d65-336a-4d38-9498-7ae3aae9b159",
              "parentUUID": "d5431df4-d715-4308-a1c6-8cbeb0fd8fc8",
              "isHook": false,
              "skipped": false
            },
            {
              "title": "[NEG] should fail to retrieve user with an invalid access token",
              "fullTitle": "User Profile - Get User By ID [NEG] should fail to retrieve user with an invalid access token",
              "timedOut": false,
              "duration": 1729,
              "state": "passed",
              "speed": "slow",
              "pass": true,
              "fail": false,
              "pending": false,
              "context": null,
              "code": "const user = generateUser();\nconst userId = (await registerAndGetToken(user)).userId;\n\nconst invalidToken = process.env.INVALID_TOKEN;\nconst res = await api()\n  .get(`/users/${userId}`)\n  .set(\"Authorization\", `Bearer ${invalidToken}`)\n  .expect(401);\nvalidateSchema(res.body, schemas.errorResponse);\nexpect(res.body.status).to.equal(\"error\");\nexpect(res.body.message).to.include(\"Token is invalid!\");",
              "err": {},
              "uuid": "e732ba41-2252-4461-a587-4f2ca24e1ed7",
              "parentUUID": "d5431df4-d715-4308-a1c6-8cbeb0fd8fc8",
              "isHook": false,
              "skipped": false
            },
            {
              "title": "[NEG] should fail to retrieve user with a non-existent userId",
              "fullTitle": "User Profile - Get User By ID [NEG] should fail to retrieve user with a non-existent userId",
              "timedOut": false,
              "duration": 6701,
              "state": "passed",
              "speed": "slow",
              "pass": true,
              "fail": false,
              "pending": false,
              "context": null,
              "code": "const user = generateUser();\nconst token = (await registerAndGetToken(user)).token;\nconst fakeId = process.env.FAKE_USER_ID;\nconst res = await api()\n  .get(`/users/${fakeId}`)\n  .set(\"Authorization\", `Bearer ${token}`)\n  .expect(400);\nvalidateSchema(res.body, schemas.errorResponse);\nexpect(res.body.status).to.equal(\"error\");",
              "err": {},
              "uuid": "2b739d23-9449-4c87-b649-36a36b561123",
              "parentUUID": "d5431df4-d715-4308-a1c6-8cbeb0fd8fc8",
              "isHook": false,
              "skipped": false
            },
            {
              "title": "[EDGE] should fail to retrieve user with a numeric userId",
              "fullTitle": "User Profile - Get User By ID [EDGE] should fail to retrieve user with a numeric userId",
              "timedOut": false,
              "duration": 9281,
              "state": "passed",
              "speed": "slow",
              "pass": true,
              "fail": false,
              "pending": false,
              "context": null,
              "code": "const newUser = generateUser();\nconst { token } = await registerAndGetToken(newUser);\nconst res = await api()\n  .get(`/users/12345`)\n  .set(\"Authorization\", `Bearer ${token}`);\nexpect(res.status).to.be.oneOf([400, 404, 422]);\nvalidateSchema(res.body, schemas.errorResponse);\nexpect(res.body.status).to.equal(\"error\");",
              "err": {},
              "uuid": "ae935e33-b204-4f1a-814a-bbc0c0dc3aa0",
              "parentUUID": "d5431df4-d715-4308-a1c6-8cbeb0fd8fc8",
              "isHook": false,
              "skipped": false
            },
            {
              "title": "[EDGE] should fail to retrieve user with special characters in userId",
              "fullTitle": "User Profile - Get User By ID [EDGE] should fail to retrieve user with special characters in userId",
              "timedOut": false,
              "duration": 1559,
              "state": "passed",
              "speed": "slow",
              "pass": true,
              "fail": false,
              "pending": false,
              "context": null,
              "code": "const newUser = generateUser();\nconst { token } = await registerAndGetToken(newUser);\nconst specialCharId = process.env.SPECIAL_CHAR_USER_ID;\nconst res = await api()\n  .get(`/users/${specialCharId}`)\n  .set(\"Authorization\", `Bearer ${token}`);\nexpect(res.status).to.equal(400);",
              "err": {},
              "uuid": "bcb2cc59-977f-4cf0-8deb-2541e769448a",
              "parentUUID": "d5431df4-d715-4308-a1c6-8cbeb0fd8fc8",
              "isHook": false,
              "skipped": false
            }
          ],
          "suites": [],
          "passes": [
            "6068d820-7653-4659-b71c-17e7e05000b6",
            "2b9b0d65-336a-4d38-9498-7ae3aae9b159",
            "e732ba41-2252-4461-a587-4f2ca24e1ed7",
            "2b739d23-9449-4c87-b649-36a36b561123",
            "ae935e33-b204-4f1a-814a-bbc0c0dc3aa0",
            "bcb2cc59-977f-4cf0-8deb-2541e769448a"
          ],
          "failures": [],
          "pending": [],
          "skipped": [],
          "duration": 22515,
          "root": false,
          "rootEmpty": false,
          "_timeout": 10000
        }
      ],
      "passes": [],
      "failures": [],
      "pending": [],
      "skipped": [],
      "duration": 0,
      "root": true,
      "rootEmpty": true,
      "_timeout": 10000
    }
  ],
  "meta": {
    "mocha": {
      "version": "11.7.5"
    },
    "mochawesome": {
      "options": {
        "quiet": false,
        "reportFilename": "test-report",
        "saveHtml": true,
        "saveJson": true,
        "consoleReporter": "spec",
        "useInlineDiffs": false,
        "code": true
      },
      "version": "7.1.4"
    },
    "marge": {
      "options": {
        "reportDir": "reports",
        "reportFilename": "test-report"
      },
      "version": "6.3.2"
    }
  }
}